2021-08-04 21:21:23 0 [Note] InnoDB: Mutexes and rw_locks use Windows interlocked functions
2021-08-04 21:21:23 0 [Note] InnoDB: Uses event mutexes
2021-08-04 21:21:23 0 [Note] InnoDB: Compressed tables use zlib 1.2.11
2021-08-04 21:21:23 0 [Note] InnoDB: Number of pools: 1
2021-08-04 21:21:23 0 [Note] InnoDB: Using SSE2 crc32 instructions
2021-08-04 21:21:23 0 [Note] InnoDB: Initializing buffer pool, total size = 16M, instances = 1, chunk size = 16M
2021-08-04 21:21:23 0 [Note] InnoDB: Completed initialization of buffer pool
2021-08-04 21:21:23 0 [Note] InnoDB: Starting crash recovery from checkpoint LSN=300288
2021-08-04 21:21:23 0 [Note] InnoDB: 128 out of 128 rollback segments are active.
2021-08-04 21:21:23 0 [Note] InnoDB: Removed temporary tablespace data file: "ibtmp1"
2021-08-04 21:21:23 0 [Note] InnoDB: Creating shared tablespace for temporary tables
2021-08-04 21:21:23 0 [Note] InnoDB: Setting file 'G:\XAMPP\mysql\data\ibtmp1' size to 12 MB. Physically writing the file full; Please wait ...
2021-08-04 21:21:23 0 [Note] InnoDB: File 'G:\XAMPP\mysql\data\ibtmp1' size is now 12 MB.
2021-08-04 21:21:23 0 [Note] InnoDB: Waiting for purge to start
2021-08-04 21:21:23 0 [Note] InnoDB: 10.4.20 started; log sequence number 300297; transaction id 170
2021-08-04 21:21:23 0 [Note] InnoDB: Loading buffer pool(s) from G:\XAMPP\mysql\data\ib_buffer_pool
2021-08-04 21:21:23 0 [Note] Plugin 'FEEDBACK' is disabled.
2021-08-04 21:21:23 0 [Note] InnoDB: Buffer pool(s) load completed at 210804 21:21:23
2021-08-04 21:21:23 0 [Note] Server socket created on IP: '::'.
2021-08-12 22:09:42 0 [Note] InnoDB: Mutexes and rw_locks use Windows interlocked functions
2021-08-12 22:09:42 0 [Note] InnoDB: Uses event mutexes
2021-08-12 22:09:42 0 [Note] InnoDB: Compressed tables use zlib 1.2.11
2021-08-12 22:09:42 0 [Note] InnoDB: Number of pools: 1
2021-08-12 22:09:42 0 [Note] InnoDB: Using SSE2 crc32 instructions
2021-08-12 22:09:42 0 [Note] InnoDB: Initializing buffer pool, total size = 16M, instances = 1, chunk size = 16M
2021-08-12 22:09:42 0 [Note] InnoDB: Completed initialization of buffer pool
2021-08-12 22:09:42 0 [Note] InnoDB: Starting crash recovery from checkpoint LSN=300306
2021-08-12 22:09:43 0 [Note] InnoDB: 128 out of 128 rollback segments are active.
2021-08-12 22:09:43 0 [Note] InnoDB: Removed temporary tablespace data file: "ibtmp1"
2021-08-12 22:09:43 0 [Note] InnoDB: Creating shared tablespace for temporary tables
2021-08-12 22:09:43 0 [Note] InnoDB: Setting file 'G:\XAMPP\mysql\data\ibtmp1' size to 12 MB. Physically writing the file full; Please wait ...
2021-08-12 22:09:43 0 [Note] InnoDB: File 'G:\XAMPP\mysql\data\ibtmp1' size is now 12 MB.
2021-08-12 22:09:43 0 [Note] InnoDB: Waiting for purge to start
2021-08-12 22:09:43 0 [Note] InnoDB: 10.4.20 started; log sequence number 300315; transaction id 170
2021-08-12 22:09:43 0 [Note] InnoDB: Loading buffer pool(s) from G:\XAMPP\mysql\data\ib_buffer_pool
2021-08-12 22:09:43 0 [Note] Plugin 'FEEDBACK' is disabled.
2021-08-12 22:09:43 0 [Note] InnoDB: Buffer pool(s) load completed at 210812 22:09:43
2021-08-12 22:09:43 0 [Note] Server socket created on IP: '::'.
2021-08-13  1:08:11 0 [Note] InnoDB: Mutexes and rw_locks use Windows interlocked functions
2021-08-13  1:08:11 0 [Note] InnoDB: Uses event mutexes
2021-08-13  1:08:11 0 [Note] InnoDB: Compressed tables use zlib 1.2.11
2021-08-13  1:08:11 0 [Note] InnoDB: Number of pools: 1
2021-08-13  1:08:11 0 [Note] InnoDB: Using SSE2 crc32 instructions
2021-08-13  1:08:11 0 [Note] InnoDB: Initializing buffer pool, total size = 16M, instances = 1, chunk size = 16M
2021-08-13  1:08:11 0 [Note] InnoDB: Completed initialization of buffer pool
2021-08-13  1:08:11 0 [Note] InnoDB: Starting crash recovery from checkpoint LSN=301008
2021-08-13  1:08:11 0 [Note] InnoDB: 128 out of 128 rollback segments are active.
2021-08-13  1:08:11 0 [Note] InnoDB: Removed temporary tablespace data file: "ibtmp1"
2021-08-13  1:08:11 0 [Note] InnoDB: Creating shared tablespace for temporary tables
2021-08-13  1:08:11 0 [Note] InnoDB: Setting file 'G:\XAMPP\mysql\data\ibtmp1' size to 12 MB. Physically writing the file full; Please wait ...
2021-08-13  1:08:11 0 [Note] InnoDB: File 'G:\XAMPP\mysql\data\ibtmp1' size is now 12 MB.
2021-08-13  1:08:11 0 [Note] InnoDB: Waiting for purge to start
2021-08-13  1:08:11 0 [Note] InnoDB: 10.4.20 started; log sequence number 301017; transaction id 195
2021-08-13  1:08:11 0 [Note] InnoDB: Loading buffer pool(s) from G:\XAMPP\mysql\data\ib_buffer_pool
2021-08-13  1:08:11 0 [Note] Plugin 'FEEDBACK' is disabled.
2021-08-13  1:08:11 0 [Note] InnoDB: Buffer pool(s) load completed at 210813  1:08:11
2021-08-13  1:08:11 0 [Note] Server socket created on IP: '::'.
2021-08-13  1:54:26 0 [Note] mysqld.exe: Aria engine: starting recovery
recovered pages: 0% 40% 100% (0.0 seconds); tables to flush: 1 0
 (0.1 seconds); 
2021-08-13  1:54:26 0 [Note] mysqld.exe: Aria engine: recovery done
2021-08-13  1:54:26 0 [Note] InnoDB: Mutexes and rw_locks use Windows interlocked functions
2021-08-13  1:54:26 0 [Note] InnoDB: Uses event mutexes
2021-08-13  1:54:26 0 [Note] InnoDB: Compressed tables use zlib 1.2.11
2021-08-13  1:54:26 0 [Note] InnoDB: Number of pools: 1
2021-08-13  1:54:26 0 [Note] InnoDB: Using SSE2 crc32 instructions
2021-08-13  1:54:26 0 [Note] InnoDB: Initializing buffer pool, total size = 16M, instances = 1, chunk size = 16M
2021-08-13  1:54:26 0 [Note] InnoDB: Completed initialization of buffer pool
2021-08-13  1:54:26 0 [Note] InnoDB: Starting crash recovery from checkpoint LSN=337771
2021-08-13  1:54:27 0 [Note] InnoDB: 128 out of 128 rollback segments are active.
2021-08-13  1:54:27 0 [Note] InnoDB: Removed temporary tablespace data file: "ibtmp1"
2021-08-13  1:54:27 0 [Note] InnoDB: Creating shared tablespace for temporary tables
2021-08-13  1:54:27 0 [Note] InnoDB: Setting file 'G:\XAMPP\mysql\data\ibtmp1' size to 12 MB. Physically writing the file full; Please wait ...
2021-08-13  1:54:27 0 [Note] InnoDB: File 'G:\XAMPP\mysql\data\ibtmp1' size is now 12 MB.
2021-08-13  1:54:27 0 [Note] InnoDB: 10.4.20 started; log sequence number 337780; transaction id 283
2021-08-13  1:54:27 0 [Note] InnoDB: Loading buffer pool(s) from G:\XAMPP\mysql\data\ib_buffer_pool
2021-08-13  1:54:27 0 [Note] Plugin 'FEEDBACK' is disabled.
2021-08-13  1:54:27 0 [Note] Server socket created on IP: '::'.
2021-08-13  2:38:15 0 [Note] InnoDB: Mutexes and rw_locks use Windows interlocked functions
2021-08-13  2:38:15 0 [Note] InnoDB: Uses event mutexes
2021-08-13  2:38:15 0 [Note] InnoDB: Compressed tables use zlib 1.2.11
2021-08-13  2:38:15 0 [Note] InnoDB: Number of pools: 1
2021-08-13  2:38:15 0 [Note] InnoDB: Using SSE2 crc32 instructions
2021-08-13  2:38:15 0 [Note] InnoDB: Initializing buffer pool, total size = 16M, instances = 1, chunk size = 16M
2021-08-13  2:38:15 0 [Note] InnoDB: Completed initialization of buffer pool
2021-08-13  2:38:15 0 [Note] InnoDB: Starting crash recovery from checkpoint LSN=337789
2021-08-13  2:38:16 0 [Note] InnoDB: 128 out of 128 rollback segments are active.
2021-08-13  2:38:16 0 [Note] InnoDB: Removed temporary tablespace data file: "ibtmp1"
2021-08-13  2:38:16 0 [Note] InnoDB: Creating shared tablespace for temporary tables
2021-08-13  2:38:16 0 [Note] InnoDB: Setting file 'G:\XAMPP\mysql\data\ibtmp1' size to 12 MB. Physically writing the file full; Please wait ...
2021-08-13  2:38:16 0 [Note] InnoDB: File 'G:\XAMPP\mysql\data\ibtmp1' size is now 12 MB.
2021-08-13  2:38:16 0 [Note] InnoDB: Waiting for purge to start
2021-08-13  2:38:16 0 [Note] InnoDB: 10.4.20 started; log sequence number 337798; transaction id 283
2021-08-13  2:38:16 0 [Note] InnoDB: Loading buffer pool(s) from G:\XAMPP\mysql\data\ib_buffer_pool
2021-08-13  2:38:16 0 [Note] Plugin 'FEEDBACK' is disabled.
2021-08-13  2:38:16 0 [Note] Server socket created on IP: '::'.
2021-08-13 18:42:34 0 [Note] mysqld.exe: Aria engine: starting recovery
recovered pages: 0% 100% (0.0 seconds); tables to flush: 1 0
 (0.2 seconds); 
2021-08-13 18:42:35 0 [Note] mysqld.exe: Aria engine: recovery done
2021-08-13 18:42:35 0 [Note] InnoDB: Mutexes and rw_locks use Windows interlocked functions
2021-08-13 18:42:35 0 [Note] InnoDB: Uses event mutexes
2021-08-13 18:42:35 0 [Note] InnoDB: Compressed tables use zlib 1.2.11
2021-08-13 18:42:35 0 [Note] InnoDB: Number of pools: 1
2021-08-13 18:42:35 0 [Note] InnoDB: Using SSE2 crc32 instructions
2021-08-13 18:42:35 0 [Note] InnoDB: Initializing buffer pool, total size = 16M, instances = 1, chunk size = 16M
2021-08-13 18:42:35 0 [Note] InnoDB: Completed initialization of buffer pool
2021-08-13 18:42:35 0 [Note] InnoDB: Starting crash recovery from checkpoint LSN=338119
2021-08-13 18:42:36 0 [Note] InnoDB: 128 out of 128 rollback segments are active.
2021-08-13 18:42:36 0 [Note] InnoDB: Removed temporary tablespace data file: "ibtmp1"
2021-08-13 18:42:36 0 [Note] InnoDB: Creating shared tablespace for temporary tables
2021-08-13 18:42:36 0 [Note] InnoDB: Setting file 'G:\XAMPP\mysql\data\ibtmp1' size to 12 MB. Physically writing the file full; Please wait ...
2021-08-13 18:42:36 0 [Note] InnoDB: File 'G:\XAMPP\mysql\data\ibtmp1' size is now 12 MB.
2021-08-13 18:42:36 0 [Note] InnoDB: Waiting for purge to start
2021-08-13 18:42:36 0 [Note] InnoDB: 10.4.20 started; log sequence number 338128; transaction id 293
2021-08-13 18:42:36 0 [Note] InnoDB: Loading buffer pool(s) from G:\XAMPP\mysql\data\ib_buffer_pool
2021-08-13 18:42:36 0 [Note] Plugin 'FEEDBACK' is disabled.
2021-08-13 18:42:36 0 [Note] Server socket created on IP: '::'.
2021-08-13 23:13:39 0 [Note] InnoDB: Mutexes and rw_locks use Windows interlocked functions
2021-08-13 23:13:39 0 [Note] InnoDB: Uses event mutexes
2021-08-13 23:13:39 0 [Note] InnoDB: Compressed tables use zlib 1.2.11
2021-08-13 23:13:39 0 [Note] InnoDB: Number of pools: 1
2021-08-13 23:13:39 0 [Note] InnoDB: Using SSE2 crc32 instructions
2021-08-13 23:13:40 0 [Note] InnoDB: Initializing buffer pool, total size = 16M, instances = 1, chunk size = 16M
2021-08-13 23:13:40 0 [Note] InnoDB: Completed initialization of buffer pool
2021-08-13 23:13:40 0 [Note] InnoDB: Starting crash recovery from checkpoint LSN=359228
2021-08-13 23:13:41 0 [Note] InnoDB: 128 out of 128 rollback segments are active.
2021-08-13 23:13:41 0 [Note] InnoDB: Removed temporary tablespace data file: "ibtmp1"
2021-08-13 23:13:41 0 [Note] InnoDB: Creating shared tablespace for temporary tables
2021-08-13 23:13:41 0 [Note] InnoDB: Setting file 'G:\XAMPP\mysql\data\ibtmp1' size to 12 MB. Physically writing the file full; Please wait ...
2021-08-13 23:13:41 0 [Note] InnoDB: File 'G:\XAMPP\mysql\data\ibtmp1' size is now 12 MB.
2021-08-13 23:13:41 0 [Note] InnoDB: Waiting for purge to start
2021-08-13 23:13:41 0 [Note] InnoDB: 10.4.20 started; log sequence number 359237; transaction id 371
2021-08-13 23:13:41 0 [Note] InnoDB: Loading buffer pool(s) from G:\XAMPP\mysql\data\ib_buffer_pool
2021-08-13 23:13:41 0 [Note] Plugin 'FEEDBACK' is disabled.
2021-08-13 23:13:41 0 [Note] Server socket created on IP: '::'.
2021-08-14 22:28:32 0 [Note] InnoDB: Mutexes and rw_locks use Windows interlocked functions
2021-08-14 22:28:32 0 [Note] InnoDB: Uses event mutexes
2021-08-14 22:28:32 0 [Note] InnoDB: Compressed tables use zlib 1.2.11
2021-08-14 22:28:32 0 [Note] InnoDB: Number of pools: 1
2021-08-14 22:28:32 0 [Note] InnoDB: Using SSE2 crc32 instructions
2021-08-14 22:28:32 0 [Note] InnoDB: Initializing buffer pool, total size = 16M, instances = 1, chunk size = 16M
2021-08-14 22:28:32 0 [Note] InnoDB: Completed initialization of buffer pool
2021-08-14 22:28:33 0 [Note] InnoDB: Starting crash recovery from checkpoint LSN=360475
2021-08-14 22:28:33 0 [Note] InnoDB: 128 out of 128 rollback segments are active.
2021-08-14 22:28:33 0 [Note] InnoDB: Removed temporary tablespace data file: "ibtmp1"
2021-08-14 22:28:33 0 [Note] InnoDB: Creating shared tablespace for temporary tables
2021-08-14 22:28:33 0 [Note] InnoDB: Setting file 'G:\XAMPP\mysql\data\ibtmp1' size to 12 MB. Physically writing the file full; Please wait ...
2021-08-14 22:28:33 0 [Note] InnoDB: File 'G:\XAMPP\mysql\data\ibtmp1' size is now 12 MB.
2021-08-14 22:28:33 0 [Note] InnoDB: Waiting for purge to start
2021-08-14 22:28:33 0 [Note] InnoDB: 10.4.20 started; log sequence number 360484; transaction id 391
2021-08-14 22:28:33 0 [Note] InnoDB: Loading buffer pool(s) from G:\XAMPP\mysql\data\ib_buffer_pool
2021-08-14 22:28:33 0 [Note] Plugin 'FEEDBACK' is disabled.
2021-08-14 22:28:33 0 [Note] InnoDB: Buffer pool(s) load completed at 210814 22:28:33
2021-08-14 22:28:33 0 [Note] Server socket created on IP: '::'.
2021-08-15 14:01:09 0 [Note] InnoDB: Mutexes and rw_locks use Windows interlocked functions
2021-08-15 14:01:09 0 [Note] InnoDB: Uses event mutexes
2021-08-15 14:01:09 0 [Note] InnoDB: Compressed tables use zlib 1.2.11
2021-08-15 14:01:09 0 [Note] InnoDB: Number of pools: 1
2021-08-15 14:01:09 0 [Note] InnoDB: Using SSE2 crc32 instructions
2021-08-15 14:01:09 0 [Note] InnoDB: Initializing buffer pool, total size = 16M, instances = 1, chunk size = 16M
2021-08-15 14:01:09 0 [Note] InnoDB: Completed initialization of buffer pool
2021-08-15 14:01:09 0 [Note] InnoDB: Starting crash recovery from checkpoint LSN=382280
2021-08-15 14:01:10 0 [Note] InnoDB: 128 out of 128 rollback segments are active.
2021-08-15 14:01:10 0 [Note] InnoDB: Removed temporary tablespace data file: "ibtmp1"
2021-08-15 14:01:10 0 [Note] InnoDB: Creating shared tablespace for temporary tables
2021-08-15 14:01:10 0 [Note] InnoDB: Setting file 'G:\XAMPP\mysql\data\ibtmp1' size to 12 MB. Physically writing the file full; Please wait ...
2021-08-15 14:01:10 0 [Note] InnoDB: File 'G:\XAMPP\mysql\data\ibtmp1' size is now 12 MB.
2021-08-15 14:01:10 0 [Note] InnoDB: Waiting for purge to start
2021-08-15 14:01:10 0 [Note] InnoDB: 10.4.20 started; log sequence number 382289; transaction id 499
2021-08-15 14:01:10 0 [Note] InnoDB: Loading buffer pool(s) from G:\XAMPP\mysql\data\ib_buffer_pool
2021-08-15 14:01:10 0 [Note] InnoDB: Buffer pool(s) load completed at 210815 14:01:10
2021-08-15 14:01:10 0 [Note] Plugin 'FEEDBACK' is disabled.
2021-08-15 14:01:10 0 [Note] Server socket created on IP: '::'.
2021-08-16 19:33:50 0 [Note] InnoDB: Mutexes and rw_locks use Windows interlocked functions
2021-08-16 19:33:50 0 [Note] InnoDB: Uses event mutexes
2021-08-16 19:33:50 0 [Note] InnoDB: Compressed tables use zlib 1.2.11
2021-08-16 19:33:50 0 [Note] InnoDB: Number of pools: 1
2021-08-16 19:33:50 0 [Note] InnoDB: Using SSE2 crc32 instructions
2021-08-16 19:33:50 0 [Note] InnoDB: Initializing buffer pool, total size = 16M, instances = 1, chunk size = 16M
2021-08-16 19:33:50 0 [Note] InnoDB: Completed initialization of buffer pool
2021-08-16 19:33:50 0 [Note] InnoDB: Starting crash recovery from checkpoint LSN=392578
2021-08-16 19:33:52 0 [Note] InnoDB: 128 out of 128 rollback segments are active.
2021-08-16 19:33:52 0 [Note] InnoDB: Removed temporary tablespace data file: "ibtmp1"
2021-08-16 19:33:52 0 [Note] InnoDB: Creating shared tablespace for temporary tables
2021-08-16 19:33:52 0 [Note] InnoDB: Setting file 'G:\XAMPP\mysql\data\ibtmp1' size to 12 MB. Physically writing the file full; Please wait ...
2021-08-16 19:33:52 0 [Note] InnoDB: File 'G:\XAMPP\mysql\data\ibtmp1' size is now 12 MB.
2021-08-16 19:33:52 0 [Note] InnoDB: Waiting for purge to start
2021-08-16 19:33:52 0 [Note] InnoDB: 10.4.20 started; log sequence number 392587; transaction id 564
2021-08-16 19:33:52 0 [Note] InnoDB: Loading buffer pool(s) from G:\XAMPP\mysql\data\ib_buffer_pool
2021-08-16 19:33:52 0 [Note] Plugin 'FEEDBACK' is disabled.
2021-08-16 19:33:52 0 [Note] InnoDB: Buffer pool(s) load completed at 210816 19:33:52
2021-08-16 19:33:52 0 [Note] Server socket created on IP: '::'.
2021-09-17 13:16:44 0 [Note] InnoDB: Mutexes and rw_locks use Windows interlocked functions
2021-09-17 13:16:44 0 [Note] InnoDB: Uses event mutexes
2021-09-17 13:16:44 0 [Note] InnoDB: Compressed tables use zlib 1.2.11
2021-09-17 13:16:44 0 [Note] InnoDB: Number of pools: 1
2021-09-17 13:16:44 0 [Note] InnoDB: Using SSE2 crc32 instructions
2021-09-17 13:16:44 0 [Note] InnoDB: Initializing buffer pool, total size = 16M, instances = 1, chunk size = 16M
2021-09-17 13:16:44 0 [Note] InnoDB: Completed initialization of buffer pool
2021-09-17 13:16:44 0 [Note] InnoDB: Starting crash recovery from checkpoint LSN=547900
2021-09-17 13:16:45 0 [Note] InnoDB: 128 out of 128 rollback segments are active.
2021-09-17 13:16:45 0 [Note] InnoDB: Removed temporary tablespace data file: "ibtmp1"
2021-09-17 13:16:45 0 [Note] InnoDB: Creating shared tablespace for temporary tables
2021-09-17 13:16:45 0 [Note] InnoDB: Setting file 'G:\XAMPP\mysql\data\ibtmp1' size to 12 MB. Physically writing the file full; Please wait ...
2021-09-17 13:16:45 0 [Note] InnoDB: File 'G:\XAMPP\mysql\data\ibtmp1' size is now 12 MB.
2021-09-17 13:16:45 0 [Note] InnoDB: Waiting for purge to start
2021-09-17 13:16:46 0 [Note] InnoDB: 10.4.20 started; log sequence number 547909; transaction id 1325
2021-09-17 13:16:46 0 [Note] InnoDB: Loading buffer pool(s) from G:\XAMPP\mysql\data\ib_buffer_pool
2021-09-17 13:16:46 0 [Note] Plugin 'FEEDBACK' is disabled.
2021-09-17 13:16:46 0 [Note] InnoDB: Buffer pool(s) load completed at 210917 13:16:46
2021-09-17 13:16:46 0 [Note] Server socket created on IP: '::'.
2021-09-17 13:16:49 0 [Note] Reading of all Master_info entries succeeded
2021-09-17 13:16:49 0 [Note] Added new Master_info '' to hash table
2021-09-17 13:16:49 0 [Note] mysql\bin\mysqld.exe: ready for connections.
Version: '10.4.20-MariaDB'  socket: ''  port: 3306  mariadb.org binary distribution
2021-10-06 23:51:29 0 [Note] InnoDB: Mutexes and rw_locks use Windows interlocked functions
2021-10-06 23:51:29 0 [Note] InnoDB: Uses event mutexes
2021-10-06 23:51:29 0 [Note] InnoDB: Compressed tables use zlib 1.2.11
2021-10-06 23:51:29 0 [Note] InnoDB: Number of pools: 1
2021-10-06 23:51:29 0 [Note] InnoDB: Using SSE2 crc32 instructions
2021-10-06 23:51:29 0 [Note] InnoDB: Initializing buffer pool, total size = 16M, instances = 1, chunk size = 16M
2021-10-06 23:51:29 0 [Note] InnoDB: Completed initialization of buffer pool
2021-10-06 23:51:29 0 [Note] InnoDB: Starting crash recovery from checkpoint LSN=554970
2021-10-06 23:51:29 0 [Note] InnoDB: 128 out of 128 rollback segments are active.
2021-10-06 23:51:29 0 [Note] InnoDB: Removed temporary tablespace data file: "ibtmp1"
2021-10-06 23:51:29 0 [Note] InnoDB: Creating shared tablespace for temporary tables
2021-10-06 23:51:29 0 [Note] InnoDB: Setting file 'C:\xampp\mysql\data\ibtmp1' size to 12 MB. Physically writing the file full; Please wait ...
2021-10-06 23:51:29 0 [Note] InnoDB: File 'C:\xampp\mysql\data\ibtmp1' size is now 12 MB.
2021-10-06 23:51:29 0 [Note] InnoDB: Waiting for purge to start
2021-10-06 23:51:29 0 [Note] InnoDB: 10.4.21 started; log sequence number 554979; transaction id 1375
2021-10-06 23:51:29 0 [Note] InnoDB: Loading buffer pool(s) from C:\xampp\mysql\data\ib_buffer_pool
2021-10-06 23:51:29 0 [Note] Plugin 'FEEDBACK' is disabled.
2021-10-06 23:51:30 0 [Note] InnoDB: Buffer pool(s) load completed at 211006 23:51:30
2021-10-06 23:51:30 0 [Note] Server socket created on IP: '::'.
2021-10-07  1:13:06 0 [Note] InnoDB: Mutexes and rw_locks use Windows interlocked functions
2021-10-07  1:13:06 0 [Note] InnoDB: Uses event mutexes
2021-10-07  1:13:06 0 [Note] InnoDB: Compressed tables use zlib 1.2.11
2021-10-07  1:13:06 0 [Note] InnoDB: Number of pools: 1
2021-10-07  1:13:06 0 [Note] InnoDB: Using SSE2 crc32 instructions
2021-10-07  1:13:06 0 [Note] InnoDB: Initializing buffer pool, total size = 16M, instances = 1, chunk size = 16M
2021-10-07  1:13:06 0 [Note] InnoDB: Completed initialization of buffer pool
2021-10-07  1:13:06 0 [Note] InnoDB: Starting crash recovery from checkpoint LSN=637123
2021-10-07  1:13:07 0 [Note] InnoDB: 128 out of 128 rollback segments are active.
2021-10-07  1:13:07 0 [Note] InnoDB: Removed temporary tablespace data file: "ibtmp1"
2021-10-07  1:13:07 0 [Note] InnoDB: Creating shared tablespace for temporary tables
2021-10-07  1:13:07 0 [Note] InnoDB: Setting file 'C:\xampp\mysql\data\ibtmp1' size to 12 MB. Physically writing the file full; Please wait ...
2021-10-07  1:13:07 0 [Note] InnoDB: File 'C:\xampp\mysql\data\ibtmp1' size is now 12 MB.
2021-10-07  1:13:07 0 [Note] InnoDB: Waiting for purge to start
2021-10-07  1:13:07 0 [Note] InnoDB: 10.4.21 started; log sequence number 637132; transaction id 1687
2021-10-07  1:13:08 0 [Note] InnoDB: Loading buffer pool(s) from C:\xampp\mysql\data\ib_buffer_pool
2021-10-07  1:13:08 0 [Note] InnoDB: Buffer pool(s) load completed at 211007  1:13:08
2021-10-07  1:13:08 0 [Note] Plugin 'FEEDBACK' is disabled.
2021-10-07  1:13:08 0 [Note] Server socket created on IP: '::'.
2021-10-07 21:08:53 0 [Note] InnoDB: Mutexes and rw_locks use Windows interlocked functions
2021-10-07 21:08:53 0 [Note] InnoDB: Uses event mutexes
2021-10-07 21:08:53 0 [Note] InnoDB: Compressed tables use zlib 1.2.11
2021-10-07 21:08:53 0 [Note] InnoDB: Number of pools: 1
2021-10-07 21:08:53 0 [Note] InnoDB: Using SSE2 crc32 instructions
2021-10-07 21:08:53 0 [Note] InnoDB: Initializing buffer pool, total size = 16M, instances = 1, chunk size = 16M
2021-10-07 21:08:53 0 [Note] InnoDB: Completed initialization of buffer pool
2021-10-07 21:08:53 0 [Note] InnoDB: Starting crash recovery from checkpoint LSN=638363
2021-10-07 21:08:54 0 [Note] InnoDB: 128 out of 128 rollback segments are active.
2021-10-07 21:08:54 0 [Note] InnoDB: Removed temporary tablespace data file: "ibtmp1"
2021-10-07 21:08:54 0 [Note] InnoDB: Creating shared tablespace for temporary tables
2021-10-07 21:08:54 0 [Note] InnoDB: Setting file 'C:\xampp\mysql\data\ibtmp1' size to 12 MB. Physically writing the file full; Please wait ...
2021-10-07 21:08:54 0 [Note] InnoDB: File 'C:\xampp\mysql\data\ibtmp1' size is now 12 MB.
2021-10-07 21:08:54 0 [Note] InnoDB: Waiting for purge to start
2021-10-07 21:08:54 0 [Note] InnoDB: 10.4.21 started; log sequence number 638372; transaction id 1699
2021-10-07 21:08:54 0 [Note] InnoDB: Loading buffer pool(s) from C:\xampp\mysql\data\ib_buffer_pool
2021-10-07 21:08:54 0 [Note] Plugin 'FEEDBACK' is disabled.
2021-10-07 21:08:54 0 [Note] InnoDB: Buffer pool(s) load completed at 211007 21:08:54
2021-10-07 21:08:54 0 [Note] Server socket created on IP: '::'.
2021-10-10 13:50:42 0 [Note] InnoDB: Mutexes and rw_locks use Windows interlocked functions
2021-10-10 13:50:42 0 [Note] InnoDB: Uses event mutexes
2021-10-10 13:50:42 0 [Note] InnoDB: Compressed tables use zlib 1.2.11
2021-10-10 13:50:42 0 [Note] InnoDB: Number of pools: 1
2021-10-10 13:50:42 0 [Note] InnoDB: Using SSE2 crc32 instructions
2021-10-10 13:50:42 0 [Note] InnoDB: Initializing buffer pool, total size = 16M, instances = 1, chunk size = 16M
2021-10-10 13:50:42 0 [Note] InnoDB: Completed initialization of buffer pool
2021-10-10 13:50:42 0 [Note] InnoDB: Starting crash recovery from checkpoint LSN=638381
2021-10-10 13:50:43 0 [Note] InnoDB: 128 out of 128 rollback segments are active.
2021-10-10 13:50:43 0 [Note] InnoDB: Removed temporary tablespace data file: "ibtmp1"
2021-10-10 13:50:43 0 [Note] InnoDB: Creating shared tablespace for temporary tables
2021-10-10 13:50:43 0 [Note] InnoDB: Setting file 'C:\xampp\mysql\data\ibtmp1' size to 12 MB. Physically writing the file full; Please wait ...
2021-10-10 13:50:43 0 [Note] InnoDB: File 'C:\xampp\mysql\data\ibtmp1' size is now 12 MB.
2021-10-10 13:50:43 0 [Note] InnoDB: Waiting for purge to start
2021-10-10 13:50:43 0 [Note] InnoDB: 10.4.21 started; log sequence number 638390; transaction id 1699
2021-10-10 13:50:43 0 [Note] InnoDB: Loading buffer pool(s) from C:\xampp\mysql\data\ib_buffer_pool
2021-10-10 13:50:43 0 [Note] Plugin 'FEEDBACK' is disabled.
2021-10-10 13:50:43 0 [Note] InnoDB: Buffer pool(s) load completed at 211010 13:50:43
2021-10-10 13:50:43 0 [Note] Server socket created on IP: '::'.
2021-10-10 13:58:18 0 [Note] InnoDB: Mutexes and rw_locks use Windows interlocked functions
2021-10-10 13:58:18 0 [Note] InnoDB: Uses event mutexes
2021-10-10 13:58:18 0 [Note] InnoDB: Compressed tables use zlib 1.2.11
2021-10-10 13:58:18 0 [Note] InnoDB: Number of pools: 1
2021-10-10 13:58:18 0 [Note] InnoDB: Using SSE2 crc32 instructions
2021-10-10 13:58:18 0 [Note] InnoDB: Initializing buffer pool, total size = 16M, instances = 1, chunk size = 16M
2021-10-10 13:58:18 0 [Note] InnoDB: Completed initialization of buffer pool
2021-10-10 13:58:18 0 [Note] InnoDB: Starting crash recovery from checkpoint LSN=638399
2021-10-10 13:58:18 0 [Note] InnoDB: 128 out of 128 rollback segments are active.
2021-10-10 13:58:18 0 [Note] InnoDB: Removed temporary tablespace data file: "ibtmp1"
2021-10-10 13:58:18 0 [Note] InnoDB: Creating shared tablespace for temporary tables
2021-10-10 13:58:18 0 [Note] InnoDB: Setting file 'C:\xampp\mysql\data\ibtmp1' size to 12 MB. Physically writing the file full; Please wait ...
2021-10-10 13:58:18 0 [Note] InnoDB: File 'C:\xampp\mysql\data\ibtmp1' size is now 12 MB.
2021-10-10 13:58:18 0 [Note] InnoDB: Waiting for purge to start
2021-10-10 13:58:18 0 [Note] InnoDB: 10.4.21 started; log sequence number 638408; transaction id 1699
2021-10-10 13:58:18 0 [Note] InnoDB: Loading buffer pool(s) from C:\xampp\mysql\data\ib_buffer_pool
2021-10-10 13:58:18 0 [Note] Plugin 'FEEDBACK' is disabled.
2021-10-10 13:58:18 0 [Note] Server socket created on IP: '::'.
2021-10-15 13:06:56 0 [Note] InnoDB: Mutexes and rw_locks use Windows interlocked functions
2021-10-15 13:06:56 0 [Note] InnoDB: Uses event mutexes
2021-10-15 13:06:56 0 [Note] InnoDB: Compressed tables use zlib 1.2.11
2021-10-15 13:06:56 0 [Note] InnoDB: Number of pools: 1
2021-10-15 13:06:56 0 [Note] InnoDB: Using SSE2 crc32 instructions
2021-10-15 13:06:56 0 [Note] InnoDB: Initializing buffer pool, total size = 16M, instances = 1, chunk size = 16M
2021-10-15 13:06:56 0 [Note] InnoDB: Completed initialization of buffer pool
2021-10-15 13:06:56 0 [Note] InnoDB: Starting crash recovery from checkpoint LSN=641754
2021-10-15 13:06:57 0 [Note] InnoDB: 128 out of 128 rollback segments are active.
2021-10-15 13:06:57 0 [Note] InnoDB: Removed temporary tablespace data file: "ibtmp1"
2021-10-15 13:06:57 0 [Note] InnoDB: Creating shared tablespace for temporary tables
2021-10-15 13:06:57 0 [Note] InnoDB: Setting file 'C:\xampp\mysql\data\ibtmp1' size to 12 MB. Physically writing the file full; Please wait ...
2021-10-15 13:06:57 0 [Note] InnoDB: File 'C:\xampp\mysql\data\ibtmp1' size is now 12 MB.
2021-10-15 13:06:57 0 [Note] InnoDB: Waiting for purge to start
2021-10-15 13:06:57 0 [Note] InnoDB: 10.4.21 started; log sequence number 641763; transaction id 1723
2021-10-15 13:06:57 0 [Note] InnoDB: Loading buffer pool(s) from C:\xampp\mysql\data\ib_buffer_pool
2021-10-15 13:06:57 0 [Note] Plugin 'FEEDBACK' is disabled.
2021-10-15 13:06:57 0 [Note] Server socket created on IP: '::'.
2021-10-15 15:12:00 0 [Note] InnoDB: Mutexes and rw_locks use Windows interlocked functions
2021-10-15 15:12:00 0 [Note] InnoDB: Uses event mutexes
2021-10-15 15:12:00 0 [Note] InnoDB: Compressed tables use zlib 1.2.11
2021-10-15 15:12:00 0 [Note] InnoDB: Number of pools: 1
2021-10-15 15:12:00 0 [Note] InnoDB: Using SSE2 crc32 instructions
2021-10-15 15:12:00 0 [Note] InnoDB: Initializing buffer pool, total size = 16M, instances = 1, chunk size = 16M
2021-10-15 15:12:00 0 [Note] InnoDB: Completed initialization of buffer pool
2021-10-15 15:12:00 0 [Note] InnoDB: Starting crash recovery from checkpoint LSN=715417
2021-10-15 15:12:01 0 [Note] InnoDB: 128 out of 128 rollback segments are active.
2021-10-15 15:12:01 0 [Note] InnoDB: Removed temporary tablespace data file: "ibtmp1"
2021-10-15 15:12:01 0 [Note] InnoDB: Creating shared tablespace for temporary tables
2021-10-15 15:12:01 0 [Note] InnoDB: Setting file 'C:\xampp\mysql\data\ibtmp1' size to 12 MB. Physically writing the file full; Please wait ...
2021-10-15 15:12:01 0 [Note] InnoDB: File 'C:\xampp\mysql\data\ibtmp1' size is now 12 MB.
2021-10-15 15:12:01 0 [Note] InnoDB: Waiting for purge to start
2021-10-15 15:12:01 0 [Note] InnoDB: 10.4.21 started; log sequence number 715426; transaction id 2047
2021-10-15 15:12:01 0 [Note] InnoDB: Loading buffer pool(s) from C:\xampp\mysql\data\ib_buffer_pool
2021-10-15 15:12:01 0 [Note] Plugin 'FEEDBACK' is disabled.
2021-10-15 15:12:01 0 [Note] Server socket created on IP: '::'.
2021-10-18 15:55:36 0 [Note] InnoDB: Mutexes and rw_locks use Windows interlocked functions
2021-10-18 15:55:36 0 [Note] InnoDB: Uses event mutexes
2021-10-18 15:55:36 0 [Note] InnoDB: Compressed tables use zlib 1.2.11
2021-10-18 15:55:36 0 [Note] InnoDB: Number of pools: 1
2021-10-18 15:55:36 0 [Note] InnoDB: Using SSE2 crc32 instructions
2021-10-18 15:55:36 0 [Note] InnoDB: Initializing buffer pool, total size = 16M, instances = 1, chunk size = 16M
2021-10-18 15:55:36 0 [Note] InnoDB: Completed initialization of buffer pool
2021-10-18 15:55:36 0 [Note] InnoDB: Starting crash recovery from checkpoint LSN=717151
2021-10-18 15:55:36 0 [Note] InnoDB: 128 out of 128 rollback segments are active.
2021-10-18 15:55:36 0 [Note] InnoDB: Removed temporary tablespace data file: "ibtmp1"
2021-10-18 15:55:36 0 [Note] InnoDB: Creating shared tablespace for temporary tables
2021-10-18 15:55:36 0 [Note] InnoDB: Setting file 'C:\xampp\mysql\data\ibtmp1' size to 12 MB. Physically writing the file full; Please wait ...
2021-10-18 15:55:36 0 [Note] InnoDB: File 'C:\xampp\mysql\data\ibtmp1' size is now 12 MB.
2021-10-18 15:55:36 0 [Note] InnoDB: Waiting for purge to start
2021-10-18 15:55:36 0 [Note] InnoDB: 10.4.21 started; log sequence number 717160; transaction id 2061
2021-10-18 15:55:36 0 [Note] InnoDB: Loading buffer pool(s) from C:\xampp\mysql\data\ib_buffer_pool
2021-10-18 15:55:36 0 [Note] Plugin 'FEEDBACK' is disabled.
2021-10-18 15:55:36 0 [Note] InnoDB: Buffer pool(s) load completed at 211018 15:55:36
2021-10-18 15:55:36 0 [Note] Server socket created on IP: '::'.
2021-10-28 20:12:10 0 [Note] InnoDB: Mutexes and rw_locks use Windows interlocked functions
2021-10-28 20:12:10 0 [Note] InnoDB: Uses event mutexes
2021-10-28 20:12:10 0 [Note] InnoDB: Compressed tables use zlib 1.2.11
2021-10-28 20:12:10 0 [Note] InnoDB: Number of pools: 1
2021-10-28 20:12:10 0 [Note] InnoDB: Using SSE2 crc32 instructions
2021-10-28 20:12:10 0 [Note] InnoDB: Initializing buffer pool, total size = 16M, instances = 1, chunk size = 16M
2021-10-28 20:12:10 0 [Note] InnoDB: Completed initialization of buffer pool
2021-10-28 20:12:10 0 [Note] InnoDB: Starting crash recovery from checkpoint LSN=743182
2021-10-28 20:12:10 0 [Note] InnoDB: 128 out of 128 rollback segments are active.
2021-10-28 20:12:10 0 [Note] InnoDB: Removed temporary tablespace data file: "ibtmp1"
2021-10-28 20:12:10 0 [Note] InnoDB: Creating shared tablespace for temporary tables
2021-10-28 20:12:10 0 [Note] InnoDB: Setting file 'C:\xampp\mysql\data\ibtmp1' size to 12 MB. Physically writing the file full; Please wait ...
2021-10-28 20:12:10 0 [Note] InnoDB: File 'C:\xampp\mysql\data\ibtmp1' size is now 12 MB.
2021-10-28 20:12:10 0 [Note] InnoDB: Waiting for purge to start
2021-10-28 20:12:10 0 [Note] InnoDB: 10.4.21 started; log sequence number 743191; transaction id 2224
2021-10-28 20:12:10 0 [Note] InnoDB: Loading buffer pool(s) from C:\xampp\mysql\data\ib_buffer_pool
2021-10-28 20:12:10 0 [Note] Plugin 'FEEDBACK' is disabled.
2021-10-28 20:12:10 0 [Note] InnoDB: Buffer pool(s) load completed at 211028 20:12:10
2021-10-28 20:12:10 0 [Note] Server socket created on IP: '::'.
2021-10-29  0:04:20 0 [Note] InnoDB: Mutexes and rw_locks use Windows interlocked functions
2021-10-29  0:04:20 0 [Note] InnoDB: Uses event mutexes
2021-10-29  0:04:20 0 [Note] InnoDB: Compressed tables use zlib 1.2.11
2021-10-29  0:04:20 0 [Note] InnoDB: Number of pools: 1
2021-10-29  0:04:20 0 [Note] InnoDB: Using SSE2 crc32 instructions
2021-10-29  0:04:20 0 [Note] InnoDB: Initializing buffer pool, total size = 16M, instances = 1, chunk size = 16M
2021-10-29  0:04:20 0 [Note] InnoDB: Completed initialization of buffer pool
2021-10-29  0:04:20 0 [Note] InnoDB: Starting crash recovery from checkpoint LSN=767051
2021-10-29  0:04:20 0 [Note] InnoDB: 128 out of 128 rollback segments are active.
2021-10-29  0:04:20 0 [Note] InnoDB: Removed temporary tablespace data file: "ibtmp1"
2021-10-29  0:04:20 0 [Note] InnoDB: Creating shared tablespace for temporary tables
2021-10-29  0:04:20 0 [Note] InnoDB: Setting file 'C:\xampp\mysql\data\ibtmp1' size to 12 MB. Physically writing the file full; Please wait ...
2021-10-29  0:04:20 0 [Note] InnoDB: File 'C:\xampp\mysql\data\ibtmp1' size is now 12 MB.
2021-10-29  0:04:20 0 [Note] InnoDB: Waiting for purge to start
2021-10-29  0:04:20 0 [Note] InnoDB: 10.4.21 started; log sequence number 767060; transaction id 2363
2021-10-29  0:04:20 0 [Note] InnoDB: Loading buffer pool(s) from C:\xampp\mysql\data\ib_buffer_pool
2021-10-29  0:04:20 0 [Note] Plugin 'FEEDBACK' is disabled.
2021-10-29  0:04:20 0 [Note] InnoDB: Buffer pool(s) load completed at 211029  0:04:20
2021-10-29  0:04:20 0 [Note] Server socket created on IP: '::'.
2021-11-02 16:46:45 0 [Note] InnoDB: Mutexes and rw_locks use Windows interlocked functions
2021-11-02 16:46:45 0 [Note] InnoDB: Uses event mutexes
2021-11-02 16:46:45 0 [Note] InnoDB: Compressed tables use zlib 1.2.11
2021-11-02 16:46:45 0 [Note] InnoDB: Number of pools: 1
2021-11-02 16:46:45 0 [Note] InnoDB: Using SSE2 crc32 instructions
2021-11-02 16:46:45 0 [Note] InnoDB: Initializing buffer pool, total size = 16M, instances = 1, chunk size = 16M
2021-11-02 16:46:45 0 [Note] InnoDB: Completed initialization of buffer pool
2021-11-02 16:46:45 0 [Note] InnoDB: Starting crash recovery from checkpoint LSN=793191
2021-11-02 16:46:45 0 [Note] InnoDB: 128 out of 128 rollback segments are active.
2021-11-02 16:46:45 0 [Note] InnoDB: Removed temporary tablespace data file: "ibtmp1"
2021-11-02 16:46:45 0 [Note] InnoDB: Creating shared tablespace for temporary tables
2021-11-02 16:46:45 0 [Note] InnoDB: Setting file 'C:\xampp\mysql\data\ibtmp1' size to 12 MB. Physically writing the file full; Please wait ...
2021-11-02 16:46:45 0 [Note] InnoDB: File 'C:\xampp\mysql\data\ibtmp1' size is now 12 MB.
2021-11-02 16:46:45 0 [Note] InnoDB: Waiting for purge to start
2021-11-02 16:46:45 0 [Note] InnoDB: 10.4.21 started; log sequence number 793200; transaction id 2522
2021-11-02 16:46:45 0 [Note] InnoDB: Loading buffer pool(s) from C:\xampp\mysql\data\ib_buffer_pool
2021-11-02 16:46:45 0 [Note] Plugin 'FEEDBACK' is disabled.
2021-11-02 16:46:45 0 [Note] InnoDB: Buffer pool(s) load completed at 211102 16:46:45
2021-11-02 16:46:45 0 [Note] Server socket created on IP: '::'.
2021-11-04 12:06:15 0 [Note] InnoDB: Mutexes and rw_locks use Windows interlocked functions
2021-11-04 12:06:15 0 [Note] InnoDB: Uses event mutexes
2021-11-04 12:06:15 0 [Note] InnoDB: Compressed tables use zlib 1.2.11
2021-11-04 12:06:15 0 [Note] InnoDB: Number of pools: 1
2021-11-04 12:06:15 0 [Note] InnoDB: Using SSE2 crc32 instructions
2021-11-04 12:06:15 0 [Note] InnoDB: Initializing buffer pool, total size = 16M, instances = 1, chunk size = 16M
2021-11-04 12:06:15 0 [Note] InnoDB: Completed initialization of buffer pool
2021-11-04 12:06:16 0 [Note] InnoDB: Starting crash recovery from checkpoint LSN=793209
2021-11-04 12:06:16 0 [Note] InnoDB: 128 out of 128 rollback segments are active.
2021-11-04 12:06:16 0 [Note] InnoDB: Removed temporary tablespace data file: "ibtmp1"
2021-11-04 12:06:16 0 [Note] InnoDB: Creating shared tablespace for temporary tables
2021-11-04 12:06:16 0 [Note] InnoDB: Setting file 'C:\xampp\mysql\data\ibtmp1' size to 12 MB. Physically writing the file full; Please wait ...
2021-11-04 12:06:16 0 [Note] InnoDB: File 'C:\xampp\mysql\data\ibtmp1' size is now 12 MB.
2021-11-04 12:06:16 0 [Note] InnoDB: Waiting for purge to start
2021-11-04 12:06:16 0 [Note] InnoDB: 10.4.21 started; log sequence number 793218; transaction id 2522
2021-11-04 12:06:16 0 [Note] InnoDB: Loading buffer pool(s) from C:\xampp\mysql\data\ib_buffer_pool
2021-11-04 12:06:16 0 [Note] Plugin 'FEEDBACK' is disabled.
2021-11-04 12:06:16 0 [Note] InnoDB: Buffer pool(s) load completed at 211104 12:06:16
2021-11-04 12:06:16 0 [Note] Server socket created on IP: '::'.
2021-11-04 16:14:17 0 [Note] InnoDB: Mutexes and rw_locks use Windows interlocked functions
2021-11-04 16:14:17 0 [Note] InnoDB: Uses event mutexes
2021-11-04 16:14:17 0 [Note] InnoDB: Compressed tables use zlib 1.2.11
2021-11-04 16:14:17 0 [Note] InnoDB: Number of pools: 1
2021-11-04 16:14:17 0 [Note] InnoDB: Using SSE2 crc32 instructions
2021-11-04 16:14:17 0 [Note] InnoDB: Initializing buffer pool, total size = 16M, instances = 1, chunk size = 16M
2021-11-04 16:14:17 0 [Note] InnoDB: Completed initialization of buffer pool
2021-11-04 16:14:17 0 [Note] InnoDB: Starting crash recovery from checkpoint LSN=794567
2021-11-04 16:14:18 0 [Note] InnoDB: 128 out of 128 rollback segments are active.
2021-11-04 16:14:18 0 [Note] InnoDB: Removed temporary tablespace data file: "ibtmp1"
2021-11-04 16:14:18 0 [Note] InnoDB: Creating shared tablespace for temporary tables
2021-11-04 16:14:18 0 [Note] InnoDB: Setting file 'C:\xampp\mysql\data\ibtmp1' size to 12 MB. Physically writing the file full; Please wait ...
2021-11-04 16:14:18 0 [Note] InnoDB: File 'C:\xampp\mysql\data\ibtmp1' size is now 12 MB.
2021-11-04 16:14:18 0 [Note] InnoDB: Waiting for purge to start
2021-11-04 16:14:18 0 [Note] InnoDB: 10.4.21 started; log sequence number 794576; transaction id 2535
2021-11-04 16:14:18 0 [Note] InnoDB: Loading buffer pool(s) from C:\xampp\mysql\data\ib_buffer_pool
2021-11-04 16:14:18 0 [Note] Plugin 'FEEDBACK' is disabled.
2021-11-04 16:14:18 0 [Note] Server socket created on IP: '::'.
2021-11-11 21:03:47 0 [Note] InnoDB: Mutexes and rw_locks use Windows interlocked functions
2021-11-11 21:03:47 0 [Note] InnoDB: Uses event mutexes
2021-11-11 21:03:47 0 [Note] InnoDB: Compressed tables use zlib 1.2.11
2021-11-11 21:03:47 0 [Note] InnoDB: Number of pools: 1
2021-11-11 21:03:47 0 [Note] InnoDB: Using SSE2 crc32 instructions
2021-11-11 21:03:47 0 [Note] InnoDB: Initializing buffer pool, total size = 16M, instances = 1, chunk size = 16M
2021-11-11 21:03:47 0 [Note] InnoDB: Completed initialization of buffer pool
2021-11-11 21:03:47 0 [Note] InnoDB: Starting crash recovery from checkpoint LSN=795762
2021-11-11 21:03:47 0 [Note] InnoDB: 128 out of 128 rollback segments are active.
2021-11-11 21:03:47 0 [Note] InnoDB: Removed temporary tablespace data file: "ibtmp1"
2021-11-11 21:03:47 0 [Note] InnoDB: Creating shared tablespace for temporary tables
2021-11-11 21:03:47 0 [Note] InnoDB: Setting file 'C:\xampp\mysql\data\ibtmp1' size to 12 MB. Physically writing the file full; Please wait ...
2021-11-11 21:03:47 0 [Note] InnoDB: File 'C:\xampp\mysql\data\ibtmp1' size is now 12 MB.
2021-11-11 21:03:47 0 [Note] InnoDB: Waiting for purge to start
2021-11-11 21:03:47 0 [Note] InnoDB: 10.4.21 started; log sequence number 795771; transaction id 2548
2021-11-11 21:03:47 0 [Note] InnoDB: Loading buffer pool(s) from C:\xampp\mysql\data\ib_buffer_pool
2021-11-11 21:03:47 0 [Note] Plugin 'FEEDBACK' is disabled.
2021-11-11 21:03:47 0 [Note] InnoDB: Buffer pool(s) load completed at 211111 21:03:47
2021-11-11 21:03:47 0 [Note] Server socket created on IP: '::'.
